<?xml version="1.0" encoding="UTF-8"?>
<!-- Generated by org.testng.reporters.JUnitReportReporter -->
<testsuite hostname="VenkyPC" failures="0" tests="1" name="testcases.Gender" time="0.028" errors="0" timestamp="2024-09-01T22:20:04 IST" skipped="0">
  <testcase classname="testcases.Gender" name="gender" time="0.028"/>
</testsuite> <!-- testcases.Gender -->
