<?xml version="1.0" encoding="UTF-8"?>
<!-- Generated by org.testng.reporters.JUnitReportReporter -->
<testsuite hostname="VenkyPC" failures="0" tests="1" name="testcases.Assignment01" time="0.320" errors="0" timestamp="2024-09-04T19:13:37 IST" skipped="0">
  <testcase classname="testcases.Assignment01" name="fullname" time="0.320"/>
</testsuite> <!-- testcases.Assignment01 -->
