<?xml version="1.0" encoding="UTF-8"?>
<!-- Generated by org.testng.reporters.JUnitReportReporter -->
<testsuite hostname="VenkyPC" failures="0" tests="1" name="testcases.FullName" time="1.339" errors="0" timestamp="2024-09-02T10:45:38 IST" skipped="0">
  <testcase classname="testcases.FullName" name="fullname" time="1.339"/>
</testsuite> <!-- testcases.FullName -->
