<?xml version="1.0" encoding="UTF-8"?>
<!-- Generated by org.testng.reporters.JUnitReportReporter -->
<testsuite hostname="VenkyPC" failures="0" tests="2" name="railYatri.BookTicket" time="7.317" errors="0" timestamp="2024-09-01T09:21:55 IST" skipped="0">
  <testcase classname="railYatri.BookTicket" name="BookAny" time="0.013"/>
  <testcase classname="railYatri.BookTicket" name="LaunchUrl" time="7.304"/>
</testsuite> <!-- railYatri.BookTicket -->
