<?xml version="1.0" encoding="UTF-8"?>
<!-- Generated by org.testng.reporters.JUnitReportReporter -->
<testsuite hostname="VenkyPC" failures="0" tests="3" name="testcases.LoginPage" time="2.853" errors="0" timestamp="2024-09-01T20:48:15 IST" skipped="0">
  <testcase classname="testcases.LoginPage" name="fullname" time="1.859"/>
  <testcase classname="testcases.LoginPage" name="email" time="0.526"/>
  <testcase classname="testcases.LoginPage" name="phone" time="0.468"/>
</testsuite> <!-- testcases.LoginPage -->
