<?xml version="1.0" encoding="UTF-8"?>
<!-- Generated by org.testng.reporters.JUnitReportReporter -->
<testsuite hostname="VenkyPC" failures="0" tests="2" name="testcases.LoginPage" time="1.396" errors="0" timestamp="2024-09-01T20:36:32 IST" skipped="0">
  <testcase classname="testcases.LoginPage" name="fullname" time="0.476"/>
  <testcase classname="testcases.LoginPage" name="email" time="0.920"/>
</testsuite> <!-- testcases.LoginPage -->
