<?xml version="1.0" encoding="UTF-8"?>
<!-- Generated by org.testng.reporters.JUnitReportReporter -->
<testsuite hostname="VenkyPC" failures="0" tests="1" name="testcases.FullName" time="0.846" errors="0" timestamp="2024-09-01T20:59:57 IST" skipped="0">
  <testcase classname="testcases.FullName" name="fullname" time="0.846"/>
</testsuite> <!-- testcases.FullName -->
