<?xml version="1.0" encoding="UTF-8"?>
<!-- Generated by org.testng.reporters.JUnitReportReporter -->
<testsuite hostname="VenkyPC" failures="0" tests="1" name="testcases.TestCase01" time="1.025" errors="0" timestamp="2024-09-07T10:04:27 IST" skipped="0">
  <testcase classname="testcases.TestCase01" name="fullname" time="1.025"/>
</testsuite> <!-- testcases.TestCase01 -->
