<?xml version="1.0" encoding="UTF-8"?>
<!-- Generated by org.testng.reporters.JUnitReportReporter -->
<testsuite hostname="VenkyPC" failures="0" tests="1" name="testcases.Phone" time="0.295" errors="0" timestamp="2024-09-02T10:45:38 IST" skipped="0">
  <testcase classname="testcases.Phone" name="phone" time="0.295"/>
</testsuite> <!-- testcases.Phone -->
