<?xml version="1.0" encoding="UTF-8"?>
<!-- Generated by org.testng.reporters.JUnitReportReporter -->
<testsuite hostname="VenkyPC" failures="0" tests="1" name="testcases.Email" time="0.559" errors="0" timestamp="2024-09-01T21:10:59 IST" skipped="0">
  <testcase classname="testcases.Email" name="email" time="0.559"/>
</testsuite> <!-- testcases.Email -->
