<?xml version="1.0" encoding="UTF-8"?>
<!-- Generated by org.testng.reporters.JUnitReportReporter -->
<testsuite hostname="VenkyPC" failures="0" tests="1" name="testcases.FullName" time="0.511" errors="0" timestamp="2024-09-01T21:10:59 IST" skipped="0">
  <testcase classname="testcases.FullName" name="fullname" time="0.511"/>
</testsuite> <!-- testcases.FullName -->
