<?xml version="1.0" encoding="UTF-8"?>
<!-- Generated by org.testng.reporters.JUnitReportReporter -->
<testsuite hostname="VenkyPC" failures="0" tests="1" name="testcases.Phone" time="0.677" errors="0" timestamp="2024-09-01T21:10:59 IST" skipped="0">
  <testcase classname="testcases.Phone" name="phone" time="0.677"/>
</testsuite> <!-- testcases.Phone -->
